TN:
SF:C:\Users\patri\blockchain_lab5\contracts\Lock.sol
FN:13,constructor
FN:23,withdraw
FNF:2
FNH:2
FNDA:2,constructor
FNDA:5,withdraw
DA:14,2
DA:19,1
DA:20,1
DA:27,5
DA:28,4
DA:30,3
DA:32,3
LF:7
LH:7
BRDA:14,1,0,1
BRDA:14,1,1,1
BRDA:27,2,0,4
BRDA:27,2,1,1
BRDA:28,3,0,3
BRDA:28,3,1,1
BRF:6
BRH:6
end_of_record
TN:
SF:C:\Users\patri\blockchain_lab5\contracts\MyOwnSafe.sol
FN:12,onlyOwner
FN:17,constructor
FN:21,withdraw
FN:25,count
FNF:4
FNH:4
FNDA:5,onlyOwner
FNDA:3,constructor
FNDA:1,withdraw
FNDA:2,count
DA:13,5
DA:14,3
DA:18,3
DA:22,1
DA:26,2
LF:5
LH:5
BRDA:13,1,0,3
BRDA:13,1,1,2
BRDA:21,2,0,1
BRDA:21,2,1,1
BRDA:25,3,0,2
BRDA:25,3,1,1
BRF:6
BRH:6
end_of_record
TN:
SF:C:\Users\patri\blockchain_lab5\contracts\MyOwnSafeUpgradeable.sol
FN:13,onlyOwner
FN:18,initialize
FN:24,withdraw
FN:28,count
FNF:4
FNH:4
FNDA:5,onlyOwner
FNDA:9,initialize
FNDA:1,withdraw
FNDA:2,count
DA:14,5
DA:15,3
DA:19,9
DA:20,8
DA:21,8
DA:25,1
DA:29,2
LF:7
LH:7
BRDA:14,1,0,3
BRDA:14,1,1,2
BRDA:19,2,0,8
BRDA:19,2,1,1
BRDA:24,3,0,1
BRDA:24,3,1,1
BRDA:28,4,0,2
BRDA:28,4,1,1
BRF:8
BRH:8
end_of_record
TN:
SF:C:\Users\patri\blockchain_lab5\contracts\MyOwnToken.sol
FN:9,constructor
FNF:1
FNH:1
FNDA:4,constructor
DA:10,4
LF:1
LH:1
BRF:0
BRH:0
end_of_record
TN:
SF:C:\Users\patri\blockchain_lab5\contracts\MySafeFactory.sol
FN:17,constructor
FN:22,deploySafe
FN:29,deploySafeWithCreate2
FN:38,deploySafeUpgradeable
FN:46,deploySafeUpgradeableWithCreate2
FNF:5
FNH:5
FNDA:5,constructor
FNDA:1,deploySafe
FNDA:1,deploySafeWithCreate2
FNDA:1,deploySafeUpgradeable
FNDA:1,deploySafeUpgradeableWithCreate2
DA:19,5
DA:24,1
DA:25,1
DA:26,1
DA:31,1
DA:33,1
DA:34,1
DA:35,1
DA:40,1
DA:41,1
DA:42,1
DA:43,1
DA:48,1
DA:49,1
DA:50,1
DA:51,1
DA:52,1
LF:17
LH:17
BRF:0
BRH:0
end_of_record
