{
"contracts\\Lock.sol":{"l":{"14":2,"19":1,"20":1,"27":5,"28":4,"30":3,"32":3},"path":"C:\\Users\\patri\\blockchain_lab5\\contracts\\Lock.sol","s":{"1":2,"2":5,"3":4,"4":3,"5":3},"b":{"1":[1,1],"2":[4,1],"3":[3,1]},"f":{"1":2,"2":5},"fnMap":{"1":{"name":"constructor","line":13,"loc":{"start":{"line":13,"column":4},"end":{"line":21,"column":4}}},"2":{"name":"withdraw","line":23,"loc":{"start":{"line":23,"column":4},"end":{"line":33,"column":4}}}},"statementMap":{"1":{"start":{"line":14,"column":8},"end":{"line":14,"column":328}},"2":{"start":{"line":27,"column":8},"end":{"line":27,"column":71}},"3":{"start":{"line":28,"column":8},"end":{"line":28,"column":59}},"4":{"start":{"line":30,"column":8},"end":{"line":30,"column":63}},"5":{"start":{"line":32,"column":8},"end":{"line":32,"column":44}}},"branchMap":{"1":{"line":14,"type":"if","locations":[{"start":{"line":14,"column":8},"end":{"line":14,"column":8}},{"start":{"line":14,"column":8},"end":{"line":14,"column":8}}]},"2":{"line":27,"type":"if","locations":[{"start":{"line":27,"column":8},"end":{"line":27,"column":8}},{"start":{"line":27,"column":8},"end":{"line":27,"column":8}}]},"3":{"line":28,"type":"if","locations":[{"start":{"line":28,"column":8},"end":{"line":28,"column":8}},{"start":{"line":28,"column":8},"end":{"line":28,"column":8}}]}}},
"contracts\\MyOwnSafe.sol":{"l":{"13":5,"14":3,"18":3,"22":1,"26":2},"path":"C:\\Users\\patri\\blockchain_lab5\\contracts\\MyOwnSafe.sol","s":{"1":5,"2":1},"b":{"1":[3,2],"2":[1,1],"3":[2,1]},"f":{"1":5,"2":3,"3":1,"4":2},"fnMap":{"1":{"name":"onlyOwner","line":12,"loc":{"start":{"line":12,"column":2},"end":{"line":15,"column":2}}},"2":{"name":"constructor","line":17,"loc":{"start":{"line":17,"column":1},"end":{"line":19,"column":1}}},"3":{"name":"withdraw","line":21,"loc":{"start":{"line":21,"column":2},"end":{"line":23,"column":2}}},"4":{"name":"count","line":25,"loc":{"start":{"line":25,"column":2},"end":{"line":27,"column":2}}}},"statementMap":{"1":{"start":{"line":13,"column":4},"end":{"line":13,"column":41}},"2":{"start":{"line":22,"column":4},"end":{"line":22,"column":45}}},"branchMap":{"1":{"line":13,"type":"if","locations":[{"start":{"line":13,"column":4},"end":{"line":13,"column":4}},{"start":{"line":13,"column":4},"end":{"line":13,"column":4}}]},"2":{"line":21,"type":"if","locations":[{"start":{"line":21,"column":60},"end":{"line":21,"column":60}},{"start":{"line":21,"column":60},"end":{"line":21,"column":60}}]},"3":{"line":25,"type":"if","locations":[{"start":{"line":25,"column":28},"end":{"line":25,"column":28}},{"start":{"line":25,"column":28},"end":{"line":25,"column":28}}]}}},
"contracts\\MyOwnSafeUpgradeable.sol":{"l":{"14":5,"15":3,"19":9,"20":8,"21":8,"25":1,"29":2},"path":"C:\\Users\\patri\\blockchain_lab5\\contracts\\MyOwnSafeUpgradeable.sol","s":{"1":5,"2":9,"3":1},"b":{"1":[3,2],"2":[8,1],"3":[1,1],"4":[2,1]},"f":{"1":5,"2":9,"3":1,"4":2},"fnMap":{"1":{"name":"onlyOwner","line":13,"loc":{"start":{"line":13,"column":2},"end":{"line":16,"column":2}}},"2":{"name":"initialize","line":18,"loc":{"start":{"line":18,"column":2},"end":{"line":22,"column":2}}},"3":{"name":"withdraw","line":24,"loc":{"start":{"line":24,"column":2},"end":{"line":26,"column":2}}},"4":{"name":"count","line":28,"loc":{"start":{"line":28,"column":2},"end":{"line":30,"column":2}}}},"statementMap":{"1":{"start":{"line":14,"column":4},"end":{"line":14,"column":41}},"2":{"start":{"line":19,"column":4},"end":{"line":19,"column":32}},"3":{"start":{"line":25,"column":4},"end":{"line":25,"column":45}}},"branchMap":{"1":{"line":14,"type":"if","locations":[{"start":{"line":14,"column":4},"end":{"line":14,"column":4}},{"start":{"line":14,"column":4},"end":{"line":14,"column":4}}]},"2":{"line":19,"type":"if","locations":[{"start":{"line":19,"column":4},"end":{"line":19,"column":4}},{"start":{"line":19,"column":4},"end":{"line":19,"column":4}}]},"3":{"line":24,"type":"if","locations":[{"start":{"line":24,"column":60},"end":{"line":24,"column":60}},{"start":{"line":24,"column":60},"end":{"line":24,"column":60}}]},"4":{"line":28,"type":"if","locations":[{"start":{"line":28,"column":28},"end":{"line":28,"column":28}},{"start":{"line":28,"column":28},"end":{"line":28,"column":28}}]}}},
"contracts\\MyOwnToken.sol":{"l":{"10":4},"path":"C:\\Users\\patri\\blockchain_lab5\\contracts\\MyOwnToken.sol","s":{"1":4},"b":{},"f":{"1":4},"fnMap":{"1":{"name":"constructor","line":9,"loc":{"start":{"line":9,"column":4},"end":{"line":11,"column":4}}}},"statementMap":{"1":{"start":{"line":10,"column":8},"end":{"line":10,"column":51}}},"branchMap":{}},
"contracts\\MySafeFactory.sol":{"l":{"19":5,"24":1,"25":1,"26":1,"31":1,"33":1,"34":1,"35":1,"40":1,"41":1,"42":1,"43":1,"48":1,"49":1,"50":1,"51":1,"52":1},"path":"C:\\Users\\patri\\blockchain_lab5\\contracts\\MySafeFactory.sol","s":{"1":1,"2":1,"3":1,"4":1,"5":1,"6":1,"7":1,"8":1,"9":1,"10":1,"11":1,"12":1,"13":1,"14":1,"15":1,"16":1},"b":{},"f":{"1":5,"2":1,"3":1,"4":1,"5":1},"fnMap":{"1":{"name":"constructor","line":17,"loc":{"start":{"line":17,"column":4},"end":{"line":20,"column":4}}},"2":{"name":"deploySafe","line":22,"loc":{"start":{"line":22,"column":4},"end":{"line":27,"column":4}}},"3":{"name":"deploySafeWithCreate2","line":29,"loc":{"start":{"line":29,"column":4},"end":{"line":36,"column":4}}},"4":{"name":"deploySafeUpgradeable","line":38,"loc":{"start":{"line":38,"column":4},"end":{"line":44,"column":4}}},"5":{"name":"deploySafeUpgradeableWithCreate2","line":46,"loc":{"start":{"line":46,"column":4},"end":{"line":53,"column":4}}}},"statementMap":{"1":{"start":{"line":24,"column":8},"end":{"line":24,"column":49}},"2":{"start":{"line":25,"column":8},"end":{"line":25,"column":43}},"3":{"start":{"line":26,"column":8},"end":{"line":26,"column":31}},"4":{"start":{"line":31,"column":8},"end":{"line":31,"column":75}},"5":{"start":{"line":33,"column":8},"end":{"line":33,"column":120}},"6":{"start":{"line":34,"column":8},"end":{"line":34,"column":48}},"7":{"start":{"line":35,"column":8},"end":{"line":35,"column":25}},"8":{"start":{"line":40,"column":8},"end":{"line":40,"column":52}},"9":{"start":{"line":41,"column":8},"end":{"line":41,"column":53}},"10":{"start":{"line":42,"column":8},"end":{"line":42,"column":43}},"11":{"start":{"line":43,"column":8},"end":{"line":43,"column":20}},"12":{"start":{"line":48,"column":8},"end":{"line":48,"column":75}},"13":{"start":{"line":49,"column":8},"end":{"line":49,"column":71}},"14":{"start":{"line":50,"column":8},"end":{"line":50,"column":53}},"15":{"start":{"line":51,"column":8},"end":{"line":51,"column":54}},"16":{"start":{"line":52,"column":8},"end":{"line":52,"column":20}}},"branchMap":{}}}
